<?xml version="1.0" encoding="UTF-8"?>
<testng-results ignored="0" total="1" passed="0" failed="1" skipped="0">
  <reporter-output>
  </reporter-output>
  <suite started-at="2026-03-30T18:14:42 IST" name="Default suite" finished-at="2026-03-30T18:15:29 IST" duration-ms="46388">
    <groups>
    </groups>
    <test started-at="2026-03-30T18:14:42 IST" name="Default test" finished-at="2026-03-30T18:15:29 IST" duration-ms="46388">
      <class name="mdl_subscription.test_subscription">
        <test-method is-config="true" signature="start()[pri:0, instance:mdl_subscription.test_subscription@75437611]" started-at="2026-03-30T18:14:41 IST" name="start" finished-at="2026-03-30T18:14:42 IST" duration-ms="1522" status="PASS">
          <reporter-output>
          </reporter-output>
        </test-method> <!-- start -->
        <test-method signature="checkallplanclickable()[pri:1, instance:mdl_subscription.test_subscription@75437611]" started-at="2026-03-30T18:14:42 IST" name="checkallplanclickable" finished-at="2026-03-30T18:15:27 IST" duration-ms="44221" status="FAIL">
          <exception class="java.lang.AssertionError">
            <message>
              <![CDATA[expected [rgba(36, 98, 255, 1)] but found [rgba(255, 255, 255, 1)]]]>
            </message>
            <full-stacktrace>
              <![CDATA[java.lang.AssertionError: expected [rgba(36, 98, 255, 1)] but found [rgba(255, 255, 255, 1)]
at org.testng.Assert.fail(Assert.java:111)
at org.testng.Assert.failNotEquals(Assert.java:1590)
at org.testng.Assert.assertEqualsImpl(Assert.java:150)
at org.testng.Assert.assertEquals(Assert.java:132)
at org.testng.Assert.assertEquals(Assert.java:656)
at org.testng.Assert.assertEquals(Assert.java:666)
at mdl_subscription.parent_sub.selectplan(parent_sub.java:41)
at mdl_subscription.test_subscription.checkallplanclickable(test_subscription.java:18)
at java.base/jdk.internal.reflect.DirectMethodHandleAccessor.invoke(DirectMethodHandleAccessor.java:103)
at java.base/java.lang.reflect.Method.invoke(Method.java:580)
at org.testng.internal.invokers.MethodInvocationHelper.invokeMethod(MethodInvocationHelper.java:141)
at org.testng.internal.invokers.TestInvoker.invokeMethod(TestInvoker.java:697)
at org.testng.internal.invokers.TestInvoker.invokeTestMethod(TestInvoker.java:230)
at org.testng.internal.invokers.MethodRunner.runInSequence(MethodRunner.java:63)
at org.testng.internal.invokers.TestInvoker$MethodInvocationAgent.invoke(TestInvoker.java:1005)
at org.testng.internal.invokers.TestInvoker.invokeTestMethods(TestInvoker.java:203)
at org.testng.internal.invokers.TestMethodWorker.invokeTestMethods(TestMethodWorker.java:154)
at org.testng.internal.invokers.TestMethodWorker.run(TestMethodWorker.java:134)
at java.base/java.util.ArrayList.forEach(ArrayList.java:1596)
at org.testng.TestRunner.privateRun(TestRunner.java:744)
at org.testng.TestRunner.run(TestRunner.java:616)
at org.testng.SuiteRunner.runTest(SuiteRunner.java:421)
at org.testng.SuiteRunner.runSequentially(SuiteRunner.java:413)
at org.testng.SuiteRunner.privateRun(SuiteRunner.java:373)
at org.testng.SuiteRunner.run(SuiteRunner.java:312)
at org.testng.SuiteRunnerWorker.runSuite(SuiteRunnerWorker.java:52)
at org.testng.SuiteRunnerWorker.run(SuiteRunnerWorker.java:95)
at org.testng.TestNG.runSuitesSequentially(TestNG.java:1274)
at org.testng.TestNG.runSuitesLocally(TestNG.java:1208)
at org.testng.TestNG.runSuites(TestNG.java:1112)
at org.testng.TestNG.run(TestNG.java:1079)
at org.testng.remote.AbstractRemoteTestNG.run(AbstractRemoteTestNG.java:115)
at org.testng.remote.RemoteTestNG.initAndRun(RemoteTestNG.java:293)
at org.testng.remote.RemoteTestNG.main(RemoteTestNG.java:91)
]]>
            </full-stacktrace>
          </exception> <!-- java.lang.AssertionError -->
          <reporter-output>
          </reporter-output>
        </test-method> <!-- checkallplanclickable -->
        <test-method is-config="true" signature="end()[pri:0, instance:mdl_subscription.test_subscription@75437611]" started-at="2026-03-30T18:15:29 IST" name="end" finished-at="2026-03-30T18:15:29 IST" duration-ms="121" status="PASS">
          <reporter-output>
          </reporter-output>
        </test-method> <!-- end -->
      </class> <!-- mdl_subscription.test_subscription -->
    </test> <!-- Default test -->
  </suite> <!-- Default suite -->
</testng-results>
