<?xml version="1.0" encoding="UTF-8"?>
<testng-results ignored="0" total="1" passed="1" failed="0" skipped="0">
  <reporter-output>
  </reporter-output>
  <suite started-at="2026-03-31T19:29:00 IST" name="Default suite" finished-at="2026-03-31T19:29:13 IST" duration-ms="13361">
    <groups>
    </groups>
    <test started-at="2026-03-31T19:29:00 IST" name="Default test" finished-at="2026-03-31T19:29:13 IST" duration-ms="13361">
      <class name="mdl_subscription.test_subscription">
        <test-method is-config="true" signature="start()[pri:0, instance:mdl_subscription.test_subscription@3270d194]" started-at="2026-03-31T19:28:58 IST" name="start" finished-at="2026-03-31T19:29:00 IST" duration-ms="1603" status="PASS">
          <reporter-output>
          </reporter-output>
        </test-method> <!-- start -->
        <test-method signature="TC_01()[pri:1, instance:mdl_subscription.test_subscription@3270d194]" started-at="2026-03-31T19:29:00 IST" name="TC_01" finished-at="2026-03-31T19:29:13 IST" duration-ms="13324" status="PASS">
          <reporter-output>
          </reporter-output>
        </test-method> <!-- TC_01 -->
        <test-method is-config="true" signature="end()[pri:0, instance:mdl_subscription.test_subscription@3270d194]" started-at="2026-03-31T19:29:13 IST" name="end" finished-at="2026-03-31T19:29:14 IST" duration-ms="130" status="PASS">
          <reporter-output>
          </reporter-output>
        </test-method> <!-- end -->
      </class> <!-- mdl_subscription.test_subscription -->
    </test> <!-- Default test -->
  </suite> <!-- Default suite -->
</testng-results>
